<?xml version="1.0" encoding="UTF-8"?>
<testsuite xmlns:xsi="http://www.w3.org/2001/XMLSchema-instance" xsi:noNamespaceSchemaLocation="https://maven.apache.org/surefire/maven-surefire-plugin/xsd/surefire-test-report-3.0.xsd" version="3.0" name="TestSuite" time="115.504" tests="18" errors="0" skipped="1" failures="0">
  <properties>
    <property name="java.specification.version" value="15"/>
    <property name="webdriver.chrome.driver" value="C:\Users\ugosw\Documents\Cognizant\CTS Java Workspace\TripAdvisorApplication\src\test\resources\drivers\chromedriver.exe"/>
    <property name="sun.cpu.isalist" value="amd64"/>
    <property name="sun.jnu.encoding" value="Cp1252"/>
    <property name="java.class.path" value="C:\Users\ugosw\Documents\Cognizant\CTS Java Workspace\TripAdvisorApplication\target\test-classes;C:\Users\ugosw\Documents\Cognizant\CTS Java Workspace\TripAdvisorApplication\target\classes;C:\Users\ugosw\.m2\repository\junit\junit\4.11\junit-4.11.jar;C:\Users\ugosw\.m2\repository\org\hamcrest\hamcrest-core\1.3\hamcrest-core-1.3.jar;C:\Users\ugosw\.m2\repository\org\seleniumhq\selenium\selenium-java\3.141.59\selenium-java-3.141.59.jar;C:\Users\ugosw\.m2\repository\org\seleniumhq\selenium\selenium-api\3.141.59\selenium-api-3.141.59.jar;C:\Users\ugosw\.m2\repository\org\seleniumhq\selenium\selenium-chrome-driver\3.141.59\selenium-chrome-driver-3.141.59.jar;C:\Users\ugosw\.m2\repository\org\seleniumhq\selenium\selenium-edge-driver\3.141.59\selenium-edge-driver-3.141.59.jar;C:\Users\ugosw\.m2\repository\org\seleniumhq\selenium\selenium-firefox-driver\3.141.59\selenium-firefox-driver-3.141.59.jar;C:\Users\ugosw\.m2\repository\org\seleniumhq\selenium\selenium-ie-driver\3.141.59\selenium-ie-driver-3.141.59.jar;C:\Users\ugosw\.m2\repository\org\seleniumhq\selenium\selenium-opera-driver\3.141.59\selenium-opera-driver-3.141.59.jar;C:\Users\ugosw\.m2\repository\org\seleniumhq\selenium\selenium-remote-driver\3.141.59\selenium-remote-driver-3.141.59.jar;C:\Users\ugosw\.m2\repository\org\seleniumhq\selenium\selenium-safari-driver\3.141.59\selenium-safari-driver-3.141.59.jar;C:\Users\ugosw\.m2\repository\org\seleniumhq\selenium\selenium-support\3.141.59\selenium-support-3.141.59.jar;C:\Users\ugosw\.m2\repository\net\bytebuddy\byte-buddy\1.8.15\byte-buddy-1.8.15.jar;C:\Users\ugosw\.m2\repository\org\apache\commons\commons-exec\1.3\commons-exec-1.3.jar;C:\Users\ugosw\.m2\repository\com\google\guava\guava\25.0-jre\guava-25.0-jre.jar;C:\Users\ugosw\.m2\repository\com\google\code\findbugs\jsr305\1.3.9\jsr305-1.3.9.jar;C:\Users\ugosw\.m2\repository\org\checkerframework\checker-compat-qual\2.0.0\checker-compat-qual-2.0.0.jar;C:\Users\ugosw\.m2\repository\com\google\errorprone\error_prone_annotations\2.1.3\error_prone_annotations-2.1.3.jar;C:\Users\ugosw\.m2\repository\com\google\j2objc\j2objc-annotations\1.1\j2objc-annotations-1.1.jar;C:\Users\ugosw\.m2\repository\org\codehaus\mojo\animal-sniffer-annotations\1.14\animal-sniffer-annotations-1.14.jar;C:\Users\ugosw\.m2\repository\com\squareup\okhttp3\okhttp\3.11.0\okhttp-3.11.0.jar;C:\Users\ugosw\.m2\repository\com\squareup\okio\okio\1.14.0\okio-1.14.0.jar;C:\Users\ugosw\.m2\repository\com\aventstack\extentreports\3.1.5\extentreports-3.1.5.jar;C:\Users\ugosw\.m2\repository\org\freemarker\freemarker\2.3.23\freemarker-2.3.23.jar;C:\Users\ugosw\.m2\repository\org\mongodb\mongodb-driver\3.3.0\mongodb-driver-3.3.0.jar;C:\Users\ugosw\.m2\repository\org\mongodb\bson\3.3.0\bson-3.3.0.jar;C:\Users\ugosw\.m2\repository\org\mongodb\mongodb-driver-core\3.3.0\mongodb-driver-core-3.3.0.jar;C:\Users\ugosw\.m2\repository\org\apache\httpcomponents\httpclient\4.5.2\httpclient-4.5.2.jar;C:\Users\ugosw\.m2\repository\org\apache\httpcomponents\httpcore\4.4.4\httpcore-4.4.4.jar;C:\Users\ugosw\.m2\repository\commons-logging\commons-logging\1.2\commons-logging-1.2.jar;C:\Users\ugosw\.m2\repository\org\apache\httpcomponents\httpmime\4.5.2\httpmime-4.5.2.jar;C:\Users\ugosw\.m2\repository\org\jsoup\jsoup\1.9.2\jsoup-1.9.2.jar;C:\Users\ugosw\.m2\repository\com\google\code\gson\gson\2.8.0\gson-2.8.0.jar;C:\Users\ugosw\.m2\repository\commons-io\commons-io\2.6\commons-io-2.6.jar;C:\Users\ugosw\.m2\repository\org\apache\poi\poi\3.17\poi-3.17.jar;C:\Users\ugosw\.m2\repository\commons-codec\commons-codec\1.10\commons-codec-1.10.jar;C:\Users\ugosw\.m2\repository\org\apache\commons\commons-collections4\4.1\commons-collections4-4.1.jar;C:\Users\ugosw\.m2\repository\org\apache\poi\poi-ooxml\3.17\poi-ooxml-3.17.jar;C:\Users\ugosw\.m2\repository\org\apache\poi\poi-ooxml-schemas\3.17\poi-ooxml-schemas-3.17.jar;C:\Users\ugosw\.m2\repository\org\apache\xmlbeans\xmlbeans\2.6.0\xmlbeans-2.6.0.jar;C:\Users\ugosw\.m2\repository\stax\stax-api\1.0.1\stax-api-1.0.1.jar;C:\Users\ugosw\.m2\repository\com\github\virtuald\curvesapi\1.04\curvesapi-1.04.jar;C:\Users\ugosw\.m2\repository\org\testng\testng\7.3.0\testng-7.3.0.jar;C:\Users\ugosw\.m2\repository\com\beust\jcommander\1.78\jcommander-1.78.jar;C:\Users\ugosw\.m2\repository\org\apache\ant\ant\1.10.3\ant-1.10.3.jar;C:\Users\ugosw\.m2\repository\org\apache\ant\ant-launcher\1.10.3\ant-launcher-1.10.3.jar;C:\Users\ugosw\.m2\repository\com\google\inject\guice\4.2.2\guice-4.2.2-no_aop.jar;C:\Users\ugosw\.m2\repository\javax\inject\javax.inject\1\javax.inject-1.jar;C:\Users\ugosw\.m2\repository\aopalliance\aopalliance\1.0\aopalliance-1.0.jar;C:\Users\ugosw\.m2\repository\org\yaml\snakeyaml\1.21\snakeyaml-1.21.jar;"/>
    <property name="java.vm.vendor" value="Oracle Corporation"/>
    <property name="sun.arch.data.model" value="64"/>
    <property name="user.variant" value=""/>
    <property name="java.vendor.url" value="https://java.oracle.com/"/>
    <property name="user.timezone" value="Asia/Calcutta"/>
    <property name="os.name" value="Windows 10"/>
    <property name="java.vm.specification.version" value="15"/>
    <property name="sun.java.launcher" value="SUN_STANDARD"/>
    <property name="user.country" value="IN"/>
    <property name="sun.boot.library.path" value="C:\Program Files\Java\jdk-15.0.1\bin"/>
    <property name="sun.java.command" value="C:\Users\ugosw\AppData\Local\Temp\surefire15043329060479068740\surefirebooter2585233056473595659.jar C:\Users\ugosw\AppData\Local\Temp\surefire15043329060479068740 2021-02-23T19-56-39_186-jvmRun1 surefire4858637091065053036tmp surefire_014716310451371724531tmp"/>
    <property name="jdk.debug" value="release"/>
    <property name="surefire.test.class.path" value="C:\Users\ugosw\Documents\Cognizant\CTS Java Workspace\TripAdvisorApplication\target\test-classes;C:\Users\ugosw\Documents\Cognizant\CTS Java Workspace\TripAdvisorApplication\target\classes;C:\Users\ugosw\.m2\repository\junit\junit\4.11\junit-4.11.jar;C:\Users\ugosw\.m2\repository\org\hamcrest\hamcrest-core\1.3\hamcrest-core-1.3.jar;C:\Users\ugosw\.m2\repository\org\seleniumhq\selenium\selenium-java\3.141.59\selenium-java-3.141.59.jar;C:\Users\ugosw\.m2\repository\org\seleniumhq\selenium\selenium-api\3.141.59\selenium-api-3.141.59.jar;C:\Users\ugosw\.m2\repository\org\seleniumhq\selenium\selenium-chrome-driver\3.141.59\selenium-chrome-driver-3.141.59.jar;C:\Users\ugosw\.m2\repository\org\seleniumhq\selenium\selenium-edge-driver\3.141.59\selenium-edge-driver-3.141.59.jar;C:\Users\ugosw\.m2\repository\org\seleniumhq\selenium\selenium-firefox-driver\3.141.59\selenium-firefox-driver-3.141.59.jar;C:\Users\ugosw\.m2\repository\org\seleniumhq\selenium\selenium-ie-driver\3.141.59\selenium-ie-driver-3.141.59.jar;C:\Users\ugosw\.m2\repository\org\seleniumhq\selenium\selenium-opera-driver\3.141.59\selenium-opera-driver-3.141.59.jar;C:\Users\ugosw\.m2\repository\org\seleniumhq\selenium\selenium-remote-driver\3.141.59\selenium-remote-driver-3.141.59.jar;C:\Users\ugosw\.m2\repository\org\seleniumhq\selenium\selenium-safari-driver\3.141.59\selenium-safari-driver-3.141.59.jar;C:\Users\ugosw\.m2\repository\org\seleniumhq\selenium\selenium-support\3.141.59\selenium-support-3.141.59.jar;C:\Users\ugosw\.m2\repository\net\bytebuddy\byte-buddy\1.8.15\byte-buddy-1.8.15.jar;C:\Users\ugosw\.m2\repository\org\apache\commons\commons-exec\1.3\commons-exec-1.3.jar;C:\Users\ugosw\.m2\repository\com\google\guava\guava\25.0-jre\guava-25.0-jre.jar;C:\Users\ugosw\.m2\repository\com\google\code\findbugs\jsr305\1.3.9\jsr305-1.3.9.jar;C:\Users\ugosw\.m2\repository\org\checkerframework\checker-compat-qual\2.0.0\checker-compat-qual-2.0.0.jar;C:\Users\ugosw\.m2\repository\com\google\errorprone\error_prone_annotations\2.1.3\error_prone_annotations-2.1.3.jar;C:\Users\ugosw\.m2\repository\com\google\j2objc\j2objc-annotations\1.1\j2objc-annotations-1.1.jar;C:\Users\ugosw\.m2\repository\org\codehaus\mojo\animal-sniffer-annotations\1.14\animal-sniffer-annotations-1.14.jar;C:\Users\ugosw\.m2\repository\com\squareup\okhttp3\okhttp\3.11.0\okhttp-3.11.0.jar;C:\Users\ugosw\.m2\repository\com\squareup\okio\okio\1.14.0\okio-1.14.0.jar;C:\Users\ugosw\.m2\repository\com\aventstack\extentreports\3.1.5\extentreports-3.1.5.jar;C:\Users\ugosw\.m2\repository\org\freemarker\freemarker\2.3.23\freemarker-2.3.23.jar;C:\Users\ugosw\.m2\repository\org\mongodb\mongodb-driver\3.3.0\mongodb-driver-3.3.0.jar;C:\Users\ugosw\.m2\repository\org\mongodb\bson\3.3.0\bson-3.3.0.jar;C:\Users\ugosw\.m2\repository\org\mongodb\mongodb-driver-core\3.3.0\mongodb-driver-core-3.3.0.jar;C:\Users\ugosw\.m2\repository\org\apache\httpcomponents\httpclient\4.5.2\httpclient-4.5.2.jar;C:\Users\ugosw\.m2\repository\org\apache\httpcomponents\httpcore\4.4.4\httpcore-4.4.4.jar;C:\Users\ugosw\.m2\repository\commons-logging\commons-logging\1.2\commons-logging-1.2.jar;C:\Users\ugosw\.m2\repository\org\apache\httpcomponents\httpmime\4.5.2\httpmime-4.5.2.jar;C:\Users\ugosw\.m2\repository\org\jsoup\jsoup\1.9.2\jsoup-1.9.2.jar;C:\Users\ugosw\.m2\repository\com\google\code\gson\gson\2.8.0\gson-2.8.0.jar;C:\Users\ugosw\.m2\repository\commons-io\commons-io\2.6\commons-io-2.6.jar;C:\Users\ugosw\.m2\repository\org\apache\poi\poi\3.17\poi-3.17.jar;C:\Users\ugosw\.m2\repository\commons-codec\commons-codec\1.10\commons-codec-1.10.jar;C:\Users\ugosw\.m2\repository\org\apache\commons\commons-collections4\4.1\commons-collections4-4.1.jar;C:\Users\ugosw\.m2\repository\org\apache\poi\poi-ooxml\3.17\poi-ooxml-3.17.jar;C:\Users\ugosw\.m2\repository\org\apache\poi\poi-ooxml-schemas\3.17\poi-ooxml-schemas-3.17.jar;C:\Users\ugosw\.m2\repository\org\apache\xmlbeans\xmlbeans\2.6.0\xmlbeans-2.6.0.jar;C:\Users\ugosw\.m2\repository\stax\stax-api\1.0.1\stax-api-1.0.1.jar;C:\Users\ugosw\.m2\repository\com\github\virtuald\curvesapi\1.04\curvesapi-1.04.jar;C:\Users\ugosw\.m2\repository\org\testng\testng\7.3.0\testng-7.3.0.jar;C:\Users\ugosw\.m2\repository\com\beust\jcommander\1.78\jcommander-1.78.jar;C:\Users\ugosw\.m2\repository\org\apache\ant\ant\1.10.3\ant-1.10.3.jar;C:\Users\ugosw\.m2\repository\org\apache\ant\ant-launcher\1.10.3\ant-launcher-1.10.3.jar;C:\Users\ugosw\.m2\repository\com\google\inject\guice\4.2.2\guice-4.2.2-no_aop.jar;C:\Users\ugosw\.m2\repository\javax\inject\javax.inject\1\javax.inject-1.jar;C:\Users\ugosw\.m2\repository\aopalliance\aopalliance\1.0\aopalliance-1.0.jar;C:\Users\ugosw\.m2\repository\org\yaml\snakeyaml\1.21\snakeyaml-1.21.jar;"/>
    <property name="sun.cpu.endian" value="little"/>
    <property name="user.home" value="C:\Users\ugosw"/>
    <property name="user.language" value="en"/>
    <property name="java.specification.vendor" value="Oracle Corporation"/>
    <property name="java.version.date" value="2020-10-20"/>
    <property name="java.home" value="C:\Program Files\Java\jdk-15.0.1"/>
    <property name="file.separator" value="\"/>
    <property name="basedir" value="C:\Users\ugosw\Documents\Cognizant\CTS Java Workspace\TripAdvisorApplication"/>
    <property name="java.vm.compressedOopsMode" value="32-bit"/>
    <property name="line.separator" value="&#10;"/>
    <property name="java.vm.specification.vendor" value="Oracle Corporation"/>
    <property name="java.specification.name" value="Java Platform API Specification"/>
    <property name="surefire.real.class.path" value="C:\Users\ugosw\AppData\Local\Temp\surefire15043329060479068740\surefirebooter2585233056473595659.jar"/>
    <property name="user.script" value=""/>
    <property name="sun.management.compiler" value="HotSpot 64-Bit Tiered Compilers"/>
    <property name="java.runtime.version" value="15.0.1+9-18"/>
    <property name="user.name" value="ugosw"/>
    <property name="path.separator" value=";"/>
    <property name="os.version" value="10.0"/>
    <property name="java.runtime.name" value="Java(TM) SE Runtime Environment"/>
    <property name="file.encoding" value="Cp1252"/>
    <property name="java.vm.name" value="Java HotSpot(TM) 64-Bit Server VM"/>
    <property name="localRepository" value="C:\Users\ugosw\.m2\repository"/>
    <property name="java.vendor.url.bug" value="https://bugreport.java.com/bugreport/"/>
    <property name="java.io.tmpdir" value="C:\Users\ugosw\AppData\Local\Temp\"/>
    <property name="java.version" value="15.0.1"/>
    <property name="user.dir" value="C:\Users\ugosw\Documents\Cognizant\CTS Java Workspace\TripAdvisorApplication"/>
    <property name="os.arch" value="amd64"/>
    <property name="java.vm.specification.name" value="Java Virtual Machine Specification"/>
    <property name="sun.os.patch.level" value=""/>
    <property name="java.library.path" value="C:\Program Files\Java\jdk-15.0.1\bin;C:\WINDOWS\Sun\Java\bin;C:\WINDOWS\system32;C:\WINDOWS;C:/Program Files/Java/jdk-15.0.1/bin/server;C:/Program Files/Java/jdk-15.0.1/bin;C:\Program Files\Common Files\Oracle\Java\javapath;C:\Program Files (x86)\Common Files\Intel\Shared Files\cpp\bin\Intel64;C:\Program Files (x86)\Intel\iCLS Client\;C:\Program Files (x86)\Common Files\Oracle\Java\javapath;C:\Program Files (x86)\NVIDIA Corporation\PhysX\Common;C:\Program Files\Intel\iCLS Client\;C:\WINDOWS\system32;C:\WINDOWS;C:\WINDOWS\System32\Wbem;C:\WINDOWS\System32\WindowsPowerShell\v1.0\;C:\Program Files (x86)\AMD\ATI.ACE\Core-Static;c:\Program Files (x86)\Microsoft SQL Server\100\Tools\Binn\;c:\Program Files\Microsoft SQL Server\100\Tools\Binn\;c:\Program Files\Microsoft SQL Server\100\DTS\Binn\;C:\WINDOWS\System32\OpenSSH\;C:\Program Files (x86)\Intel\Intel(R) Management Engine Components\DAL;C:\Program Files\Intel\Intel(R) Management Engine Components\DAL;C:\Program Files (x86)\Intel\Intel(R) Management Engine Components\IPT;C:\Program Files\Intel\Intel(R) Management Engine Components\IPT;C:\Program Files\Git\cmd;C:\Program Files\MySQL\MySQL Shell 8.0\bin\;C:\Users\ugosw\AppData\Local\Programs\Python\Python37-32\Scripts\;C:\Users\ugosw\AppData\Local\Programs\Python\Python37-32\;C:\Users\ugosw\AppData\Local\Microsoft\WindowsApps;C:\Exercism;C:\Users\ugosw\AppData\Local\Programs\Microsoft VS Code\bin;C:\Users\ugosw\Documents\Cognizant\jar files\apache-maven-3.6.3-bin\apache-maven-3.6.3\bin;C:\Users\ugosw\Documents\Cognizant\jar files\apache-maven-3.6.3-bin\apache-maven-3.6.3\bin;C:\Program Files\Java\jdk-15.0.1\bin;C:\Users\ugosw\AppData\Local\GitHubDesktop\bin;C:\Users\ugosw\Desktop;;."/>
    <property name="java.vm.info" value="mixed mode, sharing"/>
    <property name="java.vendor" value="Oracle Corporation"/>
    <property name="java.vm.version" value="15.0.1+9-18"/>
    <property name="sun.io.unicode.encoding" value="UnicodeLittle"/>
    <property name="java.class.version" value="59.0"/>
  </properties>
  <testcase name="readData" classname="testScenarios.test" time="1.109">
    <system-out><![CDATA[Nairobi
15-Dec-2021
20-Dec-2021
Traveller Rating
4.0
3.0
A-ROSA Cruises
Bella
]]></system-out>
    <system-err><![CDATA[Starting ChromeDriver 87.0.4280.88 (89e2380a3e36c3464b5dd1302349b1382549290d-refs/branch-heads/4280@{#1761}) on port 38581
Only local connections are allowed.
Please see https://chromedriver.chromium.org/security-considerations for suggestions on keeping ChromeDriver safe.
ChromeDriver was started successfully.
[1614090404.540][WARNING]: This version of ChromeDriver has not been tested with Chrome version 88.
Feb 23, 2021 7:56:46 PM org.openqa.selenium.remote.ProtocolHandshake createSession
INFO: Detected dialect: W3C
]]></system-err>
  </testcase>
  <testcase name="selectDestination" classname="testScenarios.test" time="32.541"/>
  <testcase name="checkInDate" classname="testScenarios.test" time="2.939"/>
  <testcase name="checkOutDate" classname="testScenarios.test" time="0.535"/>
  <testcase name="setGuest" classname="testScenarios.test" time="0.909"/>
  <testcase name="sortBy" classname="testScenarios.test" time="0">
    <skipped message="element click intercepted: Element &lt;div class=&quot;_1wuPwxoN&quot;&gt;...&lt;/div&gt; is not clickable at point (1203, 349). Other element would receive the click: &lt;div class=&quot;_3Sb-DGhT undefined&quot;&gt;...&lt;/div&gt;&#10;  (Session info: chrome=88.0.4324.182)&#10;Build info: version: &apos;3.141.59&apos;, revision: &apos;e82be7d358&apos;, time: &apos;2018-11-14T08:17:03&apos;&#10;System info: host: &apos;LAPTOP-MS3K04SB&apos;, ip: &apos;192.168.1.100&apos;, os.name: &apos;Windows 10&apos;, os.arch: &apos;amd64&apos;, os.version: &apos;10.0&apos;, java.version: &apos;15.0.1&apos;&#10;Driver info: org.openqa.selenium.chrome.ChromeDriver&#10;Capabilities {acceptInsecureCerts: false, browserName: chrome, browserVersion: 88.0.4324.182, chrome: {chromedriverVersion: 87.0.4280.88 (89e2380a3e36c..., userDataDir: C:\Users\ugosw\AppData\Loca...}, goog:chromeOptions: {debuggerAddress: localhost:61337}, javascriptEnabled: true, networkConnectionEnabled: false, pageLoadStrategy: normal, platform: WINDOWS, platformName: WINDOWS, proxy: Proxy(), setWindowRect: true, strictFileInteractability: false, timeouts: {implicit: 0, pageLoad: 300000, script: 30000}, unhandledPromptBehavior: dismiss and notify, webauthn:virtualAuthenticators: true}&#10;Session ID: 533ef218d32d397ba6e2afaf46d98a88"/>
    <system-out><![CDATA[Retrying sortBy again and the count is 1
]]></system-out>
  </testcase>
  <testcase name="sortBy" classname="testScenarios.test" time="10.723"/>
  <testcase name="liftAccess" classname="testScenarios.test" time="0.206"/>
  <testcase name="hotelNames" classname="testScenarios.test" time="5.261">
    <system-out><![CDATA[Elegant Cosy Conquest
City/River View Retreat in the Heart of Westlands
Holiday Apartment 5 Rooms Junction Mall Nairobi
]]></system-out>
  </testcase>
  <testcase name="totalPrice" classname="testScenarios.test" time="0.223">
    <system-out><![CDATA[41,503 / 5 nights
29,882 / 5 nights
45,653 / 5 nights
]]></system-out>
  </testcase>
  <testcase name="pricePerNight" classname="testScenarios.test" time="0.189">
    <system-out><![CDATA[8,300
5,976
9,130
]]></system-out>
  </testcase>
  <testcase name="cruises" classname="testScenarios.test" time="13.849"/>
  <testcase name="cruiseLine" classname="testScenarios.test" time="3.765"/>
  <testcase name="cruiseShip" classname="testScenarios.test" time="3.546"/>
  <testcase name="changeWindow" classname="testScenarios.test" time="9.556">
    <system-out><![CDATA[A-ROSA Bella - Deck Plans, Reviews & Pictures - Tripadvisor
]]></system-out>
  </testcase>
  <testcase name="PassengerCrewValue" classname="testScenarios.test" time="0.041">
    <system-out><![CDATA[242	50
]]></system-out>
  </testcase>
  <testcase name="launchedYearValue" classname="testScenarios.test" time="0.05">
    <system-out><![CDATA[2002   
]]></system-out>
  </testcase>
  <testcase name="languageValue" classname="testScenarios.test" time="0.143">
    <system-out><![CDATA[All languages
English
]]></system-out>
  </testcase>
</testsuite>