<?xml version="1.0" encoding="UTF-8"?>
<!-- Generated by org.testng.reporters.JUnitReportReporter -->
<testsuite hostname="LAPTOP-MS3K04SB" failures="0" tests="17" name="testScenarios.TripAdvisorTestScenarios" time="125.144" errors="0" timestamp="2021-02-24T23:33:20 IST" skipped="0">
  <testcase classname="testScenarios.TripAdvisorTestScenarios" name="readData" time="21.880"/>
  <system-out/>
  <testcase classname="testScenarios.TripAdvisorTestScenarios" name="selectDestination" time="28.323"/>
  <system-out/>
  <testcase classname="testScenarios.TripAdvisorTestScenarios" name="checkInDate" time="3.130"/>
  <system-out/>
  <testcase classname="testScenarios.TripAdvisorTestScenarios" name="checkOutDate" time="0.590"/>
  <system-out/>
  <testcase classname="testScenarios.TripAdvisorTestScenarios" name="setGuest" time="1.213"/>
  <system-out/>
  <testcase classname="testScenarios.TripAdvisorTestScenarios" name="sortBy" time="11.341"/>
  <system-out/>
  <testcase classname="testScenarios.TripAdvisorTestScenarios" name="liftAccess" time="1.580"/>
  <system-out/>
  <testcase classname="testScenarios.TripAdvisorTestScenarios" name="hotelNames" time="26.292"/>
  <system-out/>
  <testcase classname="testScenarios.TripAdvisorTestScenarios" name="totalPrice" time="1.336"/>
  <system-out/>
  <testcase classname="testScenarios.TripAdvisorTestScenarios" name="pricePerNight" time="1.220"/>
  <system-out/>
  <testcase classname="testScenarios.TripAdvisorTestScenarios" name="cruises" time="7.331"/>
  <system-out/>
  <testcase classname="testScenarios.TripAdvisorTestScenarios" name="cruiseLine" time="6.524"/>
  <system-out/>
  <testcase classname="testScenarios.TripAdvisorTestScenarios" name="cruiseShip" time="5.075"/>
  <system-out/>
  <testcase classname="testScenarios.TripAdvisorTestScenarios" name="changeWindow" time="7.425"/>
  <system-out/>
  <testcase classname="testScenarios.TripAdvisorTestScenarios" name="PassengerCrewValue" time="0.304"/>
  <system-out/>
  <testcase classname="testScenarios.TripAdvisorTestScenarios" name="launchedYearValue" time="1.147"/>
  <system-out/>
  <testcase classname="testScenarios.TripAdvisorTestScenarios" name="languageValue" time="0.433"/>
  <system-out/>
</testsuite> <!-- testScenarios.TripAdvisorTestScenarios -->
