<?xml version="1.0" encoding="UTF-8"?>
<!-- Generated by org.testng.reporters.JUnitReportReporter -->
<testsuite hostname="LAPTOP-MS3K04SB" failures="0" tests="18" name="testScenarios.test" time="88.064" errors="0" timestamp="2021-02-23T19:58:35 IST" skipped="1">
  <testcase classname="testScenarios.test" name="readData" time="1.130"/>
  <system-out/>
  <testcase classname="testScenarios.test" name="selectDestination" time="32.541"/>
  <system-out/>
  <testcase classname="testScenarios.test" name="checkInDate" time="2.939"/>
  <system-out/>
  <testcase classname="testScenarios.test" name="checkOutDate" time="0.534"/>
  <system-out/>
  <testcase classname="testScenarios.test" name="setGuest" time="0.910"/>
  <system-out/>
  <testcase classname="testScenarios.test" name="sortBy" time="2.458">
    <skipped/>
  </testcase> <!-- sortBy -->
  <system-out/>
  <testcase classname="testScenarios.test" name="sortBy" time="10.724"/>
  <system-out/>
  <testcase classname="testScenarios.test" name="liftAccess" time="0.207"/>
  <system-out/>
  <testcase classname="testScenarios.test" name="hotelNames" time="5.257"/>
  <system-out/>
  <testcase classname="testScenarios.test" name="totalPrice" time="0.226"/>
  <system-out/>
  <testcase classname="testScenarios.test" name="pricePerNight" time="0.189"/>
  <system-out/>
  <testcase classname="testScenarios.test" name="cruises" time="13.850"/>
  <system-out/>
  <testcase classname="testScenarios.test" name="cruiseLine" time="3.765"/>
  <system-out/>
  <testcase classname="testScenarios.test" name="cruiseShip" time="3.545"/>
  <system-out/>
  <testcase classname="testScenarios.test" name="changeWindow" time="9.555"/>
  <system-out/>
  <testcase classname="testScenarios.test" name="PassengerCrewValue" time="0.040"/>
  <system-out/>
  <testcase classname="testScenarios.test" name="launchedYearValue" time="0.051"/>
  <system-out/>
  <testcase classname="testScenarios.test" name="languageValue" time="0.143"/>
  <system-out/>
</testsuite> <!-- testScenarios.test -->
