<?xml version="1.0" encoding="UTF-8"?>
<!-- Generated by org.testng.reporters.JUnitReportReporter -->
<testsuite hostname="LAPTOP-MS3K04SB" failures="0" tests="17" name="testScenarios.TripAdvisorTestScenarios" time="126.230" errors="0" timestamp="2021-02-24T21:11:35 IST" skipped="0">
  <testcase classname="testScenarios.TripAdvisorTestScenarios" name="readData" time="1.149"/>
  <system-out/>
  <testcase classname="testScenarios.TripAdvisorTestScenarios" name="selectDestination" time="42.194"/>
  <system-out/>
  <testcase classname="testScenarios.TripAdvisorTestScenarios" name="checkInDate" time="2.016"/>
  <system-out/>
  <testcase classname="testScenarios.TripAdvisorTestScenarios" name="checkOutDate" time="0.502"/>
  <system-out/>
  <testcase classname="testScenarios.TripAdvisorTestScenarios" name="setGuest" time="0.747"/>
  <system-out/>
  <testcase classname="testScenarios.TripAdvisorTestScenarios" name="sortBy" time="11.598"/>
  <system-out/>
  <testcase classname="testScenarios.TripAdvisorTestScenarios" name="liftAccess" time="4.559"/>
  <system-out/>
  <testcase classname="testScenarios.TripAdvisorTestScenarios" name="hotelNames" time="28.218"/>
  <system-out/>
  <testcase classname="testScenarios.TripAdvisorTestScenarios" name="totalPrice" time="1.048"/>
  <system-out/>
  <testcase classname="testScenarios.TripAdvisorTestScenarios" name="pricePerNight" time="2.436"/>
  <system-out/>
  <testcase classname="testScenarios.TripAdvisorTestScenarios" name="cruises" time="12.945"/>
  <system-out/>
  <testcase classname="testScenarios.TripAdvisorTestScenarios" name="cruiseLine" time="3.553"/>
  <system-out/>
  <testcase classname="testScenarios.TripAdvisorTestScenarios" name="cruiseShip" time="4.570"/>
  <system-out/>
  <testcase classname="testScenarios.TripAdvisorTestScenarios" name="changeWindow" time="9.066"/>
  <system-out/>
  <testcase classname="testScenarios.TripAdvisorTestScenarios" name="PassengerCrewValue" time="0.227"/>
  <system-out/>
  <testcase classname="testScenarios.TripAdvisorTestScenarios" name="launchedYearValue" time="1.223"/>
  <system-out/>
  <testcase classname="testScenarios.TripAdvisorTestScenarios" name="languageValue" time="0.179"/>
  <system-out/>
</testsuite> <!-- testScenarios.TripAdvisorTestScenarios -->
