<?xml version="1.0" encoding="UTF-8"?>
<!-- Generated by org.testng.reporters.JUnitReportReporter -->
<testsuite hostname="LAPTOP-MS3K04SB" failures="0" tests="13" name="TestScenarios.test" time="49.152" errors="0" timestamp="2021-02-22T16:14:30 IST" skipped="0">
  <testcase classname="TestScenarios.test" name="selectDestination" time="18.850"/>
  <system-out/>
  <testcase classname="TestScenarios.test" name="checkInDate" time="6.667"/>
  <system-out/>
  <testcase classname="TestScenarios.test" name="checkOutDate" time="0.416"/>
  <system-out/>
  <testcase classname="TestScenarios.test" name="setGuest" time="2.090"/>
  <system-out/>
  <testcase classname="TestScenarios.test" name="sortBy" time="3.129"/>
  <system-out/>
  <testcase classname="TestScenarios.test" name="liftAccess" time="1.182"/>
  <system-out/>
  <testcase classname="TestScenarios.test" name="cruises" time="4.556"/>
  <system-out/>
  <testcase classname="TestScenarios.test" name="cruiseLine" time="4.152"/>
  <system-out/>
  <testcase classname="TestScenarios.test" name="cruiseShip" time="4.195"/>
  <system-out/>
  <testcase classname="TestScenarios.test" name="changeWindow" time="3.733"/>
  <system-out/>
  <testcase classname="TestScenarios.test" name="PassengerCrewValue" time="0.043"/>
  <system-out/>
  <testcase classname="TestScenarios.test" name="launchedYearValue" time="0.051"/>
  <system-out/>
  <testcase classname="TestScenarios.test" name="languageValue" time="0.088"/>
  <system-out/>
</testsuite> <!-- TestScenarios.test -->
