<?xml version="1.0" encoding="UTF-8"?>
<!-- Generated by org.testng.reporters.JUnitReportReporter -->
<testsuite hostname="LAPTOP-MS3K04SB" failures="0" tests="17" name="testScenarios.test" time="99.819" errors="0" timestamp="2021-02-23T20:16:32 IST" skipped="0">
  <testcase classname="testScenarios.test" name="readData" time="1.144"/>
  <system-out/>
  <testcase classname="testScenarios.test" name="selectDestination" time="50.231"/>
  <system-out/>
  <testcase classname="testScenarios.test" name="checkInDate" time="2.014"/>
  <system-out/>
  <testcase classname="testScenarios.test" name="checkOutDate" time="0.554"/>
  <system-out/>
  <testcase classname="testScenarios.test" name="setGuest" time="0.800"/>
  <system-out/>
  <testcase classname="testScenarios.test" name="sortBy" time="11.923"/>
  <system-out/>
  <testcase classname="testScenarios.test" name="liftAccess" time="0.556"/>
  <system-out/>
  <testcase classname="testScenarios.test" name="hotelNames" time="5.179"/>
  <system-out/>
  <testcase classname="testScenarios.test" name="totalPrice" time="0.149"/>
  <system-out/>
  <testcase classname="testScenarios.test" name="pricePerNight" time="0.202"/>
  <system-out/>
  <testcase classname="testScenarios.test" name="cruises" time="7.011"/>
  <system-out/>
  <testcase classname="testScenarios.test" name="cruiseLine" time="4.774"/>
  <system-out/>
  <testcase classname="testScenarios.test" name="cruiseShip" time="3.608"/>
  <system-out/>
  <testcase classname="testScenarios.test" name="changeWindow" time="11.480"/>
  <system-out/>
  <testcase classname="testScenarios.test" name="PassengerCrewValue" time="0.070"/>
  <system-out/>
  <testcase classname="testScenarios.test" name="launchedYearValue" time="0.036"/>
  <system-out/>
  <testcase classname="testScenarios.test" name="languageValue" time="0.088"/>
  <system-out/>
</testsuite> <!-- testScenarios.test -->
