<?xml version="1.0" encoding="UTF-8"?>
<!-- Generated by org.testng.reporters.JUnitReportReporter -->
<testsuite hostname="LAPTOP-MS3K04SB" failures="0" tests="17" name="testScenarios.TripAdvisorTestScenarios" time="72.561" errors="0" timestamp="2021-02-23T20:20:58 IST" skipped="0">
  <testcase classname="testScenarios.TripAdvisorTestScenarios" name="readData" time="1.506"/>
  <system-out/>
  <testcase classname="testScenarios.TripAdvisorTestScenarios" name="selectDestination" time="26.414"/>
  <system-out/>
  <testcase classname="testScenarios.TripAdvisorTestScenarios" name="checkInDate" time="2.286"/>
  <system-out/>
  <testcase classname="testScenarios.TripAdvisorTestScenarios" name="checkOutDate" time="0.588"/>
  <system-out/>
  <testcase classname="testScenarios.TripAdvisorTestScenarios" name="setGuest" time="0.737"/>
  <system-out/>
  <testcase classname="testScenarios.TripAdvisorTestScenarios" name="sortBy" time="12.147"/>
  <system-out/>
  <testcase classname="testScenarios.TripAdvisorTestScenarios" name="liftAccess" time="0.672"/>
  <system-out/>
  <testcase classname="testScenarios.TripAdvisorTestScenarios" name="hotelNames" time="5.137"/>
  <system-out/>
  <testcase classname="testScenarios.TripAdvisorTestScenarios" name="totalPrice" time="0.174"/>
  <system-out/>
  <testcase classname="testScenarios.TripAdvisorTestScenarios" name="pricePerNight" time="0.146"/>
  <system-out/>
  <testcase classname="testScenarios.TripAdvisorTestScenarios" name="cruises" time="6.903"/>
  <system-out/>
  <testcase classname="testScenarios.TripAdvisorTestScenarios" name="cruiseLine" time="4.542"/>
  <system-out/>
  <testcase classname="testScenarios.TripAdvisorTestScenarios" name="cruiseShip" time="3.769"/>
  <system-out/>
  <testcase classname="testScenarios.TripAdvisorTestScenarios" name="changeWindow" time="7.334"/>
  <system-out/>
  <testcase classname="testScenarios.TripAdvisorTestScenarios" name="PassengerCrewValue" time="0.049"/>
  <system-out/>
  <testcase classname="testScenarios.TripAdvisorTestScenarios" name="launchedYearValue" time="0.076"/>
  <system-out/>
  <testcase classname="testScenarios.TripAdvisorTestScenarios" name="languageValue" time="0.081"/>
  <system-out/>
</testsuite> <!-- testScenarios.TripAdvisorTestScenarios -->
